This file contains any messages produced by compilers while
running configure, to aid debugging if configure makes a mistake.

It was created by dbus-python configure 1.2.18, which was
generated by GNU Autoconf 2.69.  Invocation command line was

  $ ./configure 

## --------- ##
## Platform. ##
## --------- ##

hostname = kali
uname -m = x86_64
uname -r = 5.16.0-kali7-amd64
uname -s = Linux
uname -v = #1 SMP PREEMPT Debian 5.16.18-1kali1 (2022-04-01)

/usr/bin/uname -p = unknown
/bin/uname -X     = unknown

/bin/arch              = x86_64
/usr/bin/arch -k       = unknown
/usr/convex/getsysinfo = unknown
/usr/bin/hostinfo      = unknown
/bin/machine           = unknown
/usr/bin/oslevel       = unknown
/bin/universe          = unknown

PATH: /usr/local/sbin
PATH: /usr/sbin
PATH: /sbin
PATH: /usr/local/bin
PATH: /usr/bin
PATH: /bin
PATH: /usr/local/games
PATH: /usr/games
PATH: /home/aditya/.dotnet/tools
PATH: /usr/lib/jvm/java-8-oracle/bin
PATH: /usr/lib/jvm/java-8-oracle/db/bin
PATH: /usr/lib/jvm/java-8-oracle/jre/bin


## ----------- ##
## Core tests. ##
## ----------- ##

configure:2342: checking whether make supports nested variables
configure:2359: result: yes
configure:2406: checking whether to enable maintainer-specific portions of Makefiles
configure:2415: result: yes
configure:2512: checking for gcc
configure:2528: found /usr/bin/gcc
configure:2539: result: gcc
configure:2768: checking for C compiler version
configure:2777: gcc --version >&5
gcc (Debian 11.2.0-19) 11.2.0
Copyright (C) 2021 Free Software Foundation, Inc.
This is free software; see the source for copying conditions.  There is NO
warranty; not even for MERCHANTABILITY or FITNESS FOR A PARTICULAR PURPOSE.

configure:2788: $? = 0
configure:2777: gcc -v >&5
Using built-in specs.
COLLECT_GCC=gcc
COLLECT_LTO_WRAPPER=/usr/lib/gcc/x86_64-linux-gnu/11/lto-wrapper
OFFLOAD_TARGET_NAMES=nvptx-none:amdgcn-amdhsa
OFFLOAD_TARGET_DEFAULT=1
Target: x86_64-linux-gnu
Configured with: ../src/configure -v --with-pkgversion='Debian 11.2.0-19' --with-bugurl=file:///usr/share/doc/gcc-11/README.Bugs --enable-languages=c,ada,c++,go,brig,d,fortran,objc,obj-c++,m2 --prefix=/usr --with-gcc-major-version-only --program-suffix=-11 --program-prefix=x86_64-linux-gnu- --enable-shared --enable-linker-build-id --libexecdir=/usr/lib --without-included-gettext --enable-threads=posix --libdir=/usr/lib --enable-nls --enable-bootstrap --enable-clocale=gnu --enable-libstdcxx-debug --enable-libstdcxx-time=yes --with-default-libstdcxx-abi=new --enable-gnu-unique-object --disable-vtable-verify --enable-plugin --enable-default-pie --with-system-zlib --enable-libphobos-checking=release --with-target-system-zlib=auto --enable-objc-gc=auto --enable-multiarch --disable-werror --enable-cet --with-arch-32=i686 --with-abi=m64 --with-multilib-list=m32,m64,mx32 --enable-multilib --with-tune=generic --enable-offload-targets=nvptx-none=/build/gcc-11-uiwEqG/gcc-11-11.2.0/debian/tmp-nvptx/usr,amdgcn-amdhsa=/build/gcc-11-uiwEqG/gcc-11-11.2.0/debian/tmp-gcn/usr --without-cuda-driver --enable-checking=release --build=x86_64-linux-gnu --host=x86_64-linux-gnu --target=x86_64-linux-gnu --with-build-config=bootstrap-lto-lean --enable-link-serialization=2
Thread model: posix
Supported LTO compression algorithms: zlib zstd
gcc version 11.2.0 (Debian 11.2.0-19) 
... rest of stderr output deleted ...
configure:2788: $? = 0
configure:2777: gcc -V >&5
gcc: error: unrecognized command-line option '-V'
gcc: fatal error: no input files
compilation terminated.
configure:2788: $? = 1
configure:2777: gcc -qversion >&5
gcc: error: unrecognized command-line option '-qversion'; did you mean '--version'?
gcc: fatal error: no input files
compilation terminated.
configure:2788: $? = 1
configure:2808: checking whether the C compiler works
configure:2830: gcc    conftest.c  >&5
configure:2834: $? = 0
configure:2882: result: yes
configure:2885: checking for C compiler default output file name
configure:2887: result: a.out
configure:2893: checking for suffix of executables
configure:2900: gcc -o conftest    conftest.c  >&5
configure:2904: $? = 0
configure:2926: result: 
configure:2948: checking whether we are cross compiling
configure:2956: gcc -o conftest    conftest.c  >&5
configure:2960: $? = 0
configure:2967: ./conftest
configure:2971: $? = 0
configure:2986: result: no
configure:2991: checking for suffix of object files
configure:3013: gcc -c   conftest.c >&5
configure:3017: $? = 0
configure:3038: result: o
configure:3042: checking whether we are using the GNU C compiler
configure:3061: gcc -c   conftest.c >&5
configure:3061: $? = 0
configure:3070: result: yes
configure:3079: checking whether gcc accepts -g
configure:3099: gcc -c -g  conftest.c >&5
configure:3099: $? = 0
configure:3140: result: yes
configure:3157: checking for gcc option to accept ISO C89
configure:3220: gcc  -c -g -O2  conftest.c >&5
configure:3220: $? = 0
configure:3233: result: none needed
configure:3258: checking whether gcc understands -c and -o together
configure:3280: gcc -c conftest.c -o conftest2.o
configure:3283: $? = 0
configure:3280: gcc -c conftest.c -o conftest2.o
configure:3283: $? = 0
configure:3295: result: yes
configure:3318: checking how to run the C preprocessor
configure:3349: gcc -E  conftest.c
configure:3349: $? = 0
configure:3363: gcc -E  conftest.c
conftest.c:12:10: fatal error: ac_nonexistent.h: No such file or directory
   12 | #include <ac_nonexistent.h>
      |          ^~~~~~~~~~~~~~~~~~
compilation terminated.
configure:3363: $? = 1
configure: failed program was:
| /* confdefs.h */
| #define PACKAGE_NAME "dbus-python"
| #define PACKAGE_TARNAME "dbus-python"
| #define PACKAGE_VERSION "1.2.18"
| #define PACKAGE_STRING "dbus-python 1.2.18"
| #define PACKAGE_BUGREPORT "http://bugs.freedesktop.org/enter_bug.cgi?product=dbus&component=python"
| #define PACKAGE_URL ""
| #define DBUS_PYTHON_MAJOR_VERSION 1
| #define DBUS_PYTHON_MINOR_VERSION 2
| #define DBUS_PYTHON_MICRO_VERSION 18
| /* end confdefs.h.  */
| #include <ac_nonexistent.h>
configure:3388: result: gcc -E
configure:3408: gcc -E  conftest.c
configure:3408: $? = 0
configure:3422: gcc -E  conftest.c
conftest.c:12:10: fatal error: ac_nonexistent.h: No such file or directory
   12 | #include <ac_nonexistent.h>
      |          ^~~~~~~~~~~~~~~~~~
compilation terminated.
configure:3422: $? = 1
configure: failed program was:
| /* confdefs.h */
| #define PACKAGE_NAME "dbus-python"
| #define PACKAGE_TARNAME "dbus-python"
| #define PACKAGE_VERSION "1.2.18"
| #define PACKAGE_STRING "dbus-python 1.2.18"
| #define PACKAGE_BUGREPORT "http://bugs.freedesktop.org/enter_bug.cgi?product=dbus&component=python"
| #define PACKAGE_URL ""
| #define DBUS_PYTHON_MAJOR_VERSION 1
| #define DBUS_PYTHON_MINOR_VERSION 2
| #define DBUS_PYTHON_MICRO_VERSION 18
| /* end confdefs.h.  */
| #include <ac_nonexistent.h>
configure:3451: checking for grep that handles long lines and -e
configure:3509: result: /usr/bin/grep
configure:3514: checking for egrep
configure:3576: result: /usr/bin/grep -E
configure:3581: checking for ANSI C header files
configure:3601: gcc -c -g -O2  conftest.c >&5
configure:3601: $? = 0
configure:3674: gcc -o conftest -g -O2   conftest.c  >&5
configure:3674: $? = 0
configure:3674: ./conftest
configure:3674: $? = 0
configure:3685: result: yes
configure:3698: checking for sys/types.h
configure:3698: gcc -c -g -O2  conftest.c >&5
configure:3698: $? = 0
configure:3698: result: yes
configure:3698: checking for sys/stat.h
configure:3698: gcc -c -g -O2  conftest.c >&5
configure:3698: $? = 0
configure:3698: result: yes
configure:3698: checking for stdlib.h
configure:3698: gcc -c -g -O2  conftest.c >&5
configure:3698: $? = 0
configure:3698: result: yes
configure:3698: checking for string.h
configure:3698: gcc -c -g -O2  conftest.c >&5
configure:3698: $? = 0
configure:3698: result: yes
configure:3698: checking for memory.h
configure:3698: gcc -c -g -O2  conftest.c >&5
configure:3698: $? = 0
configure:3698: result: yes
configure:3698: checking for strings.h
configure:3698: gcc -c -g -O2  conftest.c >&5
configure:3698: $? = 0
configure:3698: result: yes
configure:3698: checking for inttypes.h
configure:3698: gcc -c -g -O2  conftest.c >&5
configure:3698: $? = 0
configure:3698: result: yes
configure:3698: checking for stdint.h
configure:3698: gcc -c -g -O2  conftest.c >&5
configure:3698: $? = 0
configure:3698: result: yes
configure:3698: checking for unistd.h
configure:3698: gcc -c -g -O2  conftest.c >&5
configure:3698: $? = 0
configure:3698: result: yes
configure:3711: checking minix/config.h usability
configure:3711: gcc -c -g -O2  conftest.c >&5
conftest.c:55:10: fatal error: minix/config.h: No such file or directory
   55 | #include <minix/config.h>
      |          ^~~~~~~~~~~~~~~~
compilation terminated.
configure:3711: $? = 1
configure: failed program was:
| /* confdefs.h */
| #define PACKAGE_NAME "dbus-python"
| #define PACKAGE_TARNAME "dbus-python"
| #define PACKAGE_VERSION "1.2.18"
| #define PACKAGE_STRING "dbus-python 1.2.18"
| #define PACKAGE_BUGREPORT "http://bugs.freedesktop.org/enter_bug.cgi?product=dbus&component=python"
| #define PACKAGE_URL ""
| #define DBUS_PYTHON_MAJOR_VERSION 1
| #define DBUS_PYTHON_MINOR_VERSION 2
| #define DBUS_PYTHON_MICRO_VERSION 18
| #define STDC_HEADERS 1
| #define HAVE_SYS_TYPES_H 1
| #define HAVE_SYS_STAT_H 1
| #define HAVE_STDLIB_H 1
| #define HAVE_STRING_H 1
| #define HAVE_MEMORY_H 1
| #define HAVE_STRINGS_H 1
| #define HAVE_INTTYPES_H 1
| #define HAVE_STDINT_H 1
| #define HAVE_UNISTD_H 1
| /* end confdefs.h.  */
| #include <stdio.h>
| #ifdef HAVE_SYS_TYPES_H
| # include <sys/types.h>
| #endif
| #ifdef HAVE_SYS_STAT_H
| # include <sys/stat.h>
| #endif
| #ifdef STDC_HEADERS
| # include <stdlib.h>
| # include <stddef.h>
| #else
| # ifdef HAVE_STDLIB_H
| #  include <stdlib.h>
| # endif
| #endif
| #ifdef HAVE_STRING_H
| # if !defined STDC_HEADERS && defined HAVE_MEMORY_H
| #  include <memory.h>
| # endif
| # include <string.h>
| #endif
| #ifdef HAVE_STRINGS_H
| # include <strings.h>
| #endif
| #ifdef HAVE_INTTYPES_H
| # include <inttypes.h>
| #endif
| #ifdef HAVE_STDINT_H
| # include <stdint.h>
| #endif
| #ifdef HAVE_UNISTD_H
| # include <unistd.h>
| #endif
| #include <minix/config.h>
configure:3711: result: no
configure:3711: checking minix/config.h presence
configure:3711: gcc -E  conftest.c
conftest.c:22:10: fatal error: minix/config.h: No such file or directory
   22 | #include <minix/config.h>
      |          ^~~~~~~~~~~~~~~~
compilation terminated.
configure:3711: $? = 1
configure: failed program was:
| /* confdefs.h */
| #define PACKAGE_NAME "dbus-python"
| #define PACKAGE_TARNAME "dbus-python"
| #define PACKAGE_VERSION "1.2.18"
| #define PACKAGE_STRING "dbus-python 1.2.18"
| #define PACKAGE_BUGREPORT "http://bugs.freedesktop.org/enter_bug.cgi?product=dbus&component=python"
| #define PACKAGE_URL ""
| #define DBUS_PYTHON_MAJOR_VERSION 1
| #define DBUS_PYTHON_MINOR_VERSION 2
| #define DBUS_PYTHON_MICRO_VERSION 18
| #define STDC_HEADERS 1
| #define HAVE_SYS_TYPES_H 1
| #define HAVE_SYS_STAT_H 1
| #define HAVE_STDLIB_H 1
| #define HAVE_STRING_H 1
| #define HAVE_MEMORY_H 1
| #define HAVE_STRINGS_H 1
| #define HAVE_INTTYPES_H 1
| #define HAVE_STDINT_H 1
| #define HAVE_UNISTD_H 1
| /* end confdefs.h.  */
| #include <minix/config.h>
configure:3711: result: no
configure:3711: checking for minix/config.h
configure:3711: result: no
configure:3732: checking whether it is safe to define __EXTENSIONS__
configure:3750: gcc -c -g -O2  conftest.c >&5
configure:3750: $? = 0
configure:3757: result: yes
configure:3788: checking for a BSD-compatible install
configure:3856: result: /usr/bin/install -c
configure:3867: checking whether build environment is sane
configure:3922: result: yes
configure:4065: checking for a thread-safe mkdir -p
configure:4104: result: /usr/bin/mkdir -p
configure:4111: checking for gawk
configure:4127: found /usr/bin/gawk
configure:4138: result: gawk
configure:4149: checking whether make sets $(MAKE)
configure:4171: result: yes
configure:4193: checking whether make supports the include directive
configure:4208: make -f confmf.GNU && cat confinc.out
this is the am__doit target
configure:4211: $? = 0
configure:4230: result: yes (GNU style)
configure:4330: checking whether UID '1000' is supported by ustar format
configure:4333: result: yes
configure:4340: checking whether GID '1000' is supported by ustar format
configure:4343: result: yes
configure:4351: checking how to create a ustar tar archive
configure:4362: tar --version
tar (GNU tar) 1.34
Copyright (C) 2021 Free Software Foundation, Inc.
License GPLv3+: GNU GPL version 3 or later <https://gnu.org/licenses/gpl.html>.
This is free software: you are free to change and redistribute it.
There is NO WARRANTY, to the extent permitted by law.

Written by John Gilmore and Jay Fenlason.
configure:4365: $? = 0
configure:4405: tardir=conftest.dir && eval tar --format=ustar -chf - "$tardir" >conftest.tar
configure:4408: $? = 0
configure:4412: tar -xf - <conftest.tar
configure:4415: $? = 0
configure:4417: cat conftest.dir/file
GrepMe
configure:4420: $? = 0
configure:4433: result: gnutar
configure:4442: checking dependency style of gcc
configure:4553: result: gcc3
configure:4616: checking build system type
configure:4630: result: x86_64-pc-linux-gnu
configure:4650: checking host system type
configure:4663: result: x86_64-pc-linux-gnu
configure:4685: checking for native Windows host
configure:4695: result: no
configure:4786: checking how to print strings
configure:4813: result: printf
configure:4834: checking for a sed that does not truncate output
configure:4898: result: /usr/bin/sed
configure:4916: checking for fgrep
configure:4978: result: /usr/bin/grep -F
configure:5013: checking for ld used by gcc
configure:5080: result: /usr/bin/ld
configure:5087: checking if the linker (/usr/bin/ld) is GNU ld
configure:5102: result: yes
configure:5114: checking for BSD- or MS-compatible name lister (nm)
configure:5168: result: /usr/bin/nm -B
configure:5298: checking the name lister (/usr/bin/nm -B) interface
configure:5305: gcc -c -g -O2  conftest.c >&5
configure:5308: /usr/bin/nm -B "conftest.o"
configure:5311: output
0000000000000000 B some_variable
configure:5318: result: BSD nm
configure:5321: checking whether ln -s works
configure:5325: result: yes
configure:5333: checking the maximum length of command line arguments
configure:5464: result: 1572864
configure:5512: checking how to convert x86_64-pc-linux-gnu file names to x86_64-pc-linux-gnu format
configure:5552: result: func_convert_file_noop
configure:5559: checking how to convert x86_64-pc-linux-gnu file names to toolchain format
configure:5579: result: func_convert_file_noop
configure:5586: checking for /usr/bin/ld option to reload object files
configure:5593: result: -r
configure:5667: checking for objdump
configure:5683: found /usr/bin/objdump
configure:5694: result: objdump
configure:5726: checking how to recognize dependent libraries
configure:5926: result: pass_all
configure:6011: checking for dlltool
configure:6041: result: no
configure:6071: checking how to associate runtime and link libraries
configure:6098: result: printf %s\n
configure:6158: checking for ar
configure:6174: found /usr/bin/ar
configure:6185: result: ar
configure:6222: checking for archiver @FILE support
configure:6239: gcc -c -g -O2  conftest.c >&5
configure:6239: $? = 0
configure:6242: ar cr libconftest.a @conftest.lst >&5
configure:6245: $? = 0
configure:6250: ar cr libconftest.a @conftest.lst >&5
ar: conftest.o: No such file or directory
configure:6253: $? = 1
configure:6265: result: @
configure:6323: checking for strip
configure:6339: found /usr/bin/strip
configure:6350: result: strip
configure:6422: checking for ranlib
configure:6438: found /usr/bin/ranlib
configure:6449: result: ranlib
configure:6551: checking command to parse /usr/bin/nm -B output from gcc object
configure:6704: gcc -c -g -O2  conftest.c >&5
configure:6707: $? = 0
configure:6711: /usr/bin/nm -B conftest.o | sed -n -e 's/^.*[	 ]\([ABCDGIRSTW][ABCDGIRSTW]*\)[	 ][	 ]*\([_A-Za-z][_A-Za-z0-9]*\)$/\1 \2 \2/p' | sed '/ __gnu_lto/d' > conftest.nm
configure:6777: gcc -o conftest -g -O2   conftest.c conftstm.o >&5
configure:6780: $? = 0
configure:6818: result: ok
configure:6865: checking for sysroot
configure:6895: result: no
configure:6902: checking for a working dd
configure:6940: result: /usr/bin/dd
configure:6944: checking how to truncate binary pipes
configure:6959: result: /usr/bin/dd bs=4096 count=1
configure:7095: gcc -c -g -O2  conftest.c >&5
configure:7098: $? = 0
configure:7288: checking for mt
configure:7304: found /usr/bin/mt
configure:7315: result: mt
configure:7338: checking if mt is a manifest tool
configure:7344: mt '-?'
configure:7352: result: no
configure:8026: checking for dlfcn.h
configure:8026: gcc -c -g -O2  conftest.c >&5
configure:8026: $? = 0
configure:8026: result: yes
configure:8252: checking for objdir
configure:8267: result: .libs
configure:8531: checking if gcc supports -fno-rtti -fno-exceptions
configure:8549: gcc -c -g -O2  -fno-rtti -fno-exceptions conftest.c >&5
cc1: warning: command-line option '-fno-rtti' is valid for C++/D/ObjC++ but not for C
configure:8553: $? = 0
configure:8566: result: no
configure:8930: checking for gcc option to produce PIC
configure:8937: result: -fPIC -DPIC
configure:8945: checking if gcc PIC flag -fPIC -DPIC works
configure:8963: gcc -c -g -O2  -fPIC -DPIC -DPIC conftest.c >&5
configure:8967: $? = 0
configure:8980: result: yes
configure:9009: checking if gcc static flag -static works
configure:9037: result: yes
configure:9052: checking if gcc supports -c -o file.o
configure:9073: gcc -c -g -O2  -o out/conftest2.o conftest.c >&5
configure:9077: $? = 0
configure:9099: result: yes
configure:9107: checking if gcc supports -c -o file.o
configure:9154: result: yes
configure:9187: checking whether the gcc linker (/usr/bin/ld -m elf_x86_64) supports shared libraries
configure:10450: result: yes
configure:10487: checking whether -lc should be explicitly linked in
configure:10495: gcc -c -g -O2  conftest.c >&5
configure:10498: $? = 0
configure:10513: gcc -shared  -fPIC -DPIC conftest.o  -v -Wl,-soname -Wl,conftest -o conftest 2\>\&1 \| /usr/bin/grep  -lc  \>/dev/null 2\>\&1
configure:10516: $? = 0
configure:10530: result: no
configure:10690: checking dynamic linker characteristics
configure:11271: gcc -o conftest -g -O2   -Wl,-rpath -Wl,/foo conftest.c  >&5
configure:11271: $? = 0
configure:11520: result: GNU/Linux ld.so
configure:11642: checking how to hardcode library paths into programs
configure:11667: result: immediate
configure:12215: checking whether stripping libraries is possible
configure:12220: result: yes
configure:12255: checking if libtool supports shared libraries
configure:12257: result: yes
configure:12260: checking whether to build shared libraries
configure:12285: result: yes
configure:12288: checking whether to build static libraries
configure:12292: result: no
configure:12330: checking for inline
configure:12346: gcc -c -g -O2  conftest.c >&5
configure:12346: $? = 0
configure:12354: result: inline
configure:12378: checking for gawk
configure:12405: result: gawk
configure:12439: checking for python3
configure:12457: found /usr/bin/python3
configure:12469: result: /usr/bin/python3
configure:12485: checking for a version of Python >= '2.1.0'
configure:12511: result: yes
configure:12519: checking for a version of Python >= '2.7'
configure:12525: result: yes
configure:12542: checking for the distutils Python package
configure:12546: result: yes
configure:12560: checking for Python include path
configure:12576: result: -I/usr/include/python3.9
configure:12583: checking for Python library path
configure:12660: result: -L/usr/lib/x86_64-linux-gnu -lpython3.9
configure:12667: checking for Python site-packages path
configure:12673: result: /usr/lib/python3/dist-packages
configure:12680: checking python extra libraries
configure:12687: result: -lcrypt -lpthread -ldl  -lutil -lm -lm
configure:12694: checking python extra linking flags
configure:12701: result: -Xlinker -export-dynamic -Wl,-O1 -Wl,-Bsymbolic-functions
configure:12708: checking consistency of all components of python development environment
configure:12736: gcc -o conftest -g -O2  -I/usr/include/python3.9  -Xlinker -export-dynamic -Wl,-O1 -Wl,-Bsymbolic-functions conftest.c  -L/usr/lib/x86_64-linux-gnu -lpython3.9 -lcrypt -lpthread -ldl  -lutil -lm -lm -lcrypt -lpthread -ldl  -lutil -lm -lm >&5
configure:12736: $? = 0
configure:12754: result: yes
configure:12842: checking for python version
configure:12849: result: 3.9
configure:12861: checking for python platform
configure:12868: result: linux
configure:12894: checking for python script directory
configure:12929: result: ${prefix}/lib/python3.9/site-packages
configure:12938: checking for python extension module directory
configure:12973: result: ${exec_prefix}/lib/python3.9/site-packages
configure:13036: checking python3 module: sphinx
configure:13041: result: yes
configure:13076: checking python3 module: sphinx_rtd_theme
configure:13081: result: yes
configure:13109: checking for dbus-run-session
configure:13127: found /usr/bin/dbus-run-session
configure:13140: result: /usr/bin/dbus-run-session
configure:13212: checking for pkg-config
configure:13230: found /usr/bin/pkg-config
configure:13242: result: /usr/bin/pkg-config
configure:13267: checking pkg-config is at least version 0.9.0
configure:13270: result: yes
configure:13280: checking for dbus-1 >= 1.8
configure:13287: $PKG_CONFIG --exists --print-errors "dbus-1 >= 1.8"
configure:13290: $? = 0
configure:13304: $PKG_CONFIG --exists --print-errors "dbus-1 >= 1.8"
configure:13307: $? = 0
configure:13365: result: yes
configure:13371: checking for glib-2.0 >= 2.40
configure:13378: $PKG_CONFIG --exists --print-errors "glib-2.0 >= 2.40"
configure:13381: $? = 0
configure:13395: $PKG_CONFIG --exists --print-errors "glib-2.0 >= 2.40"
configure:13398: $? = 0
configure:13456: result: yes
configure:13538: gcc -c -g -O2  conftest.c >&5
conftest.c:34:9: error: #error "no C++"
   34 |        #error "no C++"
      |         ^~~~~
configure:13538: $? = 1
configure: failed program was:
| /* confdefs.h */
| #define PACKAGE_NAME "dbus-python"
| #define PACKAGE_TARNAME "dbus-python"
| #define PACKAGE_VERSION "1.2.18"
| #define PACKAGE_STRING "dbus-python 1.2.18"
| #define PACKAGE_BUGREPORT "http://bugs.freedesktop.org/enter_bug.cgi?product=dbus&component=python"
| #define PACKAGE_URL ""
| #define DBUS_PYTHON_MAJOR_VERSION 1
| #define DBUS_PYTHON_MINOR_VERSION 2
| #define DBUS_PYTHON_MICRO_VERSION 18
| #define STDC_HEADERS 1
| #define HAVE_SYS_TYPES_H 1
| #define HAVE_SYS_STAT_H 1
| #define HAVE_STDLIB_H 1
| #define HAVE_STRING_H 1
| #define HAVE_MEMORY_H 1
| #define HAVE_STRINGS_H 1
| #define HAVE_INTTYPES_H 1
| #define HAVE_STDINT_H 1
| #define HAVE_UNISTD_H 1
| #define __EXTENSIONS__ 1
| #define _ALL_SOURCE 1
| #define _GNU_SOURCE 1
| #define _POSIX_PTHREAD_SEMANTICS 1
| #define _TANDEM_SOURCE 1
| #define PACKAGE "dbus-python"
| #define VERSION "1.2.18"
| #define HAVE_DLFCN_H 1
| #define LT_OBJDIR ".libs/"
| #define HAVE_PYTHON "3.9"
| /* end confdefs.h.  */
| 
|       #ifndef __cplusplus
|        #error "no C++"
|        #endif
| int
| main ()
| {
| 
|   ;
|   return 0;
| }
configure:13550: checking whether C compiler accepts -Werror=unknown-warning-option
configure:13569: gcc -c -g -O2  -Werror=unknown-warning-option  conftest.c >&5
cc1: error: '-Werror=unknown-warning-option': no option '-Wunknown-warning-option'
configure:13569: $? = 1
configure: failed program was:
| /* confdefs.h */
| #define PACKAGE_NAME "dbus-python"
| #define PACKAGE_TARNAME "dbus-python"
| #define PACKAGE_VERSION "1.2.18"
| #define PACKAGE_STRING "dbus-python 1.2.18"
| #define PACKAGE_BUGREPORT "http://bugs.freedesktop.org/enter_bug.cgi?product=dbus&component=python"
| #define PACKAGE_URL ""
| #define DBUS_PYTHON_MAJOR_VERSION 1
| #define DBUS_PYTHON_MINOR_VERSION 2
| #define DBUS_PYTHON_MICRO_VERSION 18
| #define STDC_HEADERS 1
| #define HAVE_SYS_TYPES_H 1
| #define HAVE_SYS_STAT_H 1
| #define HAVE_STDLIB_H 1
| #define HAVE_STRING_H 1
| #define HAVE_MEMORY_H 1
| #define HAVE_STRINGS_H 1
| #define HAVE_INTTYPES_H 1
| #define HAVE_STDINT_H 1
| #define HAVE_UNISTD_H 1
| #define __EXTENSIONS__ 1
| #define _ALL_SOURCE 1
| #define _GNU_SOURCE 1
| #define _POSIX_PTHREAD_SEMANTICS 1
| #define _TANDEM_SOURCE 1
| #define PACKAGE "dbus-python"
| #define VERSION "1.2.18"
| #define HAVE_DLFCN_H 1
| #define LT_OBJDIR ".libs/"
| #define HAVE_PYTHON "3.9"
| /* end confdefs.h.  */
| 
| int
| main ()
| {
| 
|   ;
|   return 0;
| }
configure:13577: result: no
configure:13591: checking whether C compiler accepts -Wno-suggest-attribute=format
configure:13610: gcc -c -g -O2  -Wno-suggest-attribute=format  conftest.c >&5
configure:13610: $? = 0
configure:13618: result: yes
configure:13646: checking whether C compiler accepts -fno-strict-aliasing
configure:13665: gcc -c -g -O2  -fno-strict-aliasing  conftest.c >&5
configure:13665: $? = 0
configure:13674: result: yes
configure:13701: : WARN_CFLAGS="$WARN_CFLAGS"
configure:13704: $? = 0
configure:13646: checking whether C compiler accepts -Wdeprecated-declarations
configure:13665: gcc -c -g -O2  -Wdeprecated-declarations  conftest.c >&5
configure:13665: $? = 0
configure:13674: result: yes
configure:13690: : WARN_CFLAGS="$WARN_CFLAGS"
configure:13693: $? = 0
configure:13646: checking whether C compiler accepts -Wno-declaration-after-statement
configure:13665: gcc -c -g -O2  -Wno-declaration-after-statement  conftest.c >&5
configure:13665: $? = 0
configure:13674: result: yes
configure:13690: : WARN_CFLAGS="$WARN_CFLAGS"
configure:13693: $? = 0
configure:13646: checking whether C compiler accepts -Wno-duplicated-branches
configure:13665: gcc -c -g -O2  -Wno-duplicated-branches  conftest.c >&5
configure:13665: $? = 0
configure:13674: result: yes
configure:13690: : WARN_CFLAGS="$WARN_CFLAGS"
configure:13693: $? = 0
configure:13646: checking whether C compiler accepts -Wno-inline
configure:13665: gcc -c -g -O2  -Wno-inline  conftest.c >&5
configure:13665: $? = 0
configure:13674: result: yes
configure:13690: : WARN_CFLAGS="$WARN_CFLAGS"
configure:13693: $? = 0
configure:13646: checking whether C compiler accepts -Wno-redundant-decls
configure:13665: gcc -c -g -O2  -Wno-redundant-decls  conftest.c >&5
configure:13665: $? = 0
configure:13674: result: yes
configure:13690: : WARN_CFLAGS="$WARN_CFLAGS"
configure:13693: $? = 0
configure:13646: checking whether C compiler accepts -Wno-switch-default
configure:13665: gcc -c -g -O2  -Wno-switch-default  conftest.c >&5
configure:13665: $? = 0
configure:13674: result: yes
configure:13690: : WARN_CFLAGS="$WARN_CFLAGS"
configure:13693: $? = 0
configure:13646: checking whether C compiler accepts -Wno-write-strings
configure:13665: gcc -c -g -O2  -Wno-write-strings  conftest.c >&5
configure:13665: $? = 0
configure:13674: result: yes
configure:13690: : WARN_CFLAGS="$WARN_CFLAGS"
configure:13693: $? = 0
configure:13726: checking whether C compiler accepts -Wnested-externs
configure:13745: gcc -c -g -O2  -Wnested-externs  conftest.c >&5
configure:13745: $? = 0
configure:13754: result: yes
configure:13770: : WARN_CFLAGS="$WARN_CFLAGS"
configure:13773: $? = 0
configure:13726: checking whether C compiler accepts -Wmissing-prototypes
configure:13745: gcc -c -g -O2  -Wmissing-prototypes  conftest.c >&5
configure:13745: $? = 0
configure:13754: result: yes
configure:13770: : WARN_CFLAGS="$WARN_CFLAGS"
configure:13773: $? = 0
configure:13726: checking whether C compiler accepts -Wstrict-prototypes
configure:13745: gcc -c -g -O2  -Wstrict-prototypes  conftest.c >&5
conftest.c:34:1: warning: function declaration isn't a prototype [-Wstrict-prototypes]
   34 | main ()
      | ^~~~
configure:13745: $? = 0
configure:13754: result: yes
configure:13770: : WARN_CFLAGS="$WARN_CFLAGS"
configure:13773: $? = 0
configure:13726: checking whether C compiler accepts -Wdeclaration-after-statement
configure:13745: gcc -c -g -O2  -Wdeclaration-after-statement  conftest.c >&5
configure:13745: $? = 0
configure:13754: result: yes
configure:13770: : WARN_CFLAGS="$WARN_CFLAGS"
configure:13773: $? = 0
configure:13726: checking whether C compiler accepts -Wimplicit-function-declaration
configure:13745: gcc -c -g -O2  -Wimplicit-function-declaration  conftest.c >&5
configure:13745: $? = 0
configure:13754: result: yes
configure:13770: : WARN_CFLAGS="$WARN_CFLAGS"
configure:13773: $? = 0
configure:13726: checking whether C compiler accepts -Wold-style-definition
configure:13745: gcc -c -g -O2  -Wold-style-definition  conftest.c >&5
conftest.c: In function 'main':
conftest.c:34:1: warning: old-style function definition [-Wold-style-definition]
   34 | main ()
      | ^~~~
configure:13745: $? = 0
configure:13754: result: yes
configure:13770: : WARN_CFLAGS="$WARN_CFLAGS"
configure:13773: $? = 0
configure:13726: checking whether C compiler accepts -Wjump-misses-init
configure:13745: gcc -c -g -O2  -Wjump-misses-init  conftest.c >&5
configure:13745: $? = 0
configure:13754: result: yes
configure:13770: : WARN_CFLAGS="$WARN_CFLAGS"
configure:13773: $? = 0
configure:13804: checking whether C compiler accepts -Wall
configure:13823: gcc -c -g -O2  -Wall  conftest.c >&5
configure:13823: $? = 0
configure:13832: result: yes
configure:13848: : WARN_CFLAGS="$WARN_CFLAGS"
configure:13851: $? = 0
configure:13804: checking whether C compiler accepts -Wextra
configure:13823: gcc -c -g -O2  -Wextra  conftest.c >&5
configure:13823: $? = 0
configure:13832: result: yes
configure:13848: : WARN_CFLAGS="$WARN_CFLAGS"
configure:13851: $? = 0
configure:13804: checking whether C compiler accepts -Wundef
configure:13823: gcc -c -g -O2  -Wundef  conftest.c >&5
configure:13823: $? = 0
configure:13832: result: yes
configure:13848: : WARN_CFLAGS="$WARN_CFLAGS"
configure:13851: $? = 0
configure:13804: checking whether C compiler accepts -Wwrite-strings
configure:13823: gcc -c -g -O2  -Wwrite-strings  conftest.c >&5
configure:13823: $? = 0
configure:13832: result: yes
configure:13848: : WARN_CFLAGS="$WARN_CFLAGS"
configure:13851: $? = 0
configure:13804: checking whether C compiler accepts -Wpointer-arith
configure:13823: gcc -c -g -O2  -Wpointer-arith  conftest.c >&5
configure:13823: $? = 0
configure:13832: result: yes
configure:13848: : WARN_CFLAGS="$WARN_CFLAGS"
configure:13851: $? = 0
configure:13804: checking whether C compiler accepts -Wmissing-declarations
configure:13823: gcc -c -g -O2  -Wmissing-declarations  conftest.c >&5
configure:13823: $? = 0
configure:13832: result: yes
configure:13848: : WARN_CFLAGS="$WARN_CFLAGS"
configure:13851: $? = 0
configure:13804: checking whether C compiler accepts -Wredundant-decls
configure:13823: gcc -c -g -O2  -Wredundant-decls  conftest.c >&5
configure:13823: $? = 0
configure:13832: result: yes
configure:13848: : WARN_CFLAGS="$WARN_CFLAGS"
configure:13851: $? = 0
configure:13804: checking whether C compiler accepts -Wno-unused-parameter
configure:13823: gcc -c -g -O2  -Wno-unused-parameter  conftest.c >&5
configure:13823: $? = 0
configure:13832: result: yes
configure:13848: : WARN_CFLAGS="$WARN_CFLAGS"
configure:13851: $? = 0
configure:13804: checking whether C compiler accepts -Wno-missing-field-initializers
configure:13823: gcc -c -g -O2  -Wno-missing-field-initializers  conftest.c >&5
configure:13823: $? = 0
configure:13832: result: yes
configure:13848: : WARN_CFLAGS="$WARN_CFLAGS"
configure:13851: $? = 0
configure:13804: checking whether C compiler accepts -Wformat=2
configure:13823: gcc -c -g -O2  -Wformat=2  conftest.c >&5
configure:13823: $? = 0
configure:13832: result: yes
configure:13848: : WARN_CFLAGS="$WARN_CFLAGS"
configure:13851: $? = 0
configure:13804: checking whether C compiler accepts -Wcast-align
configure:13823: gcc -c -g -O2  -Wcast-align  conftest.c >&5
configure:13823: $? = 0
configure:13832: result: yes
configure:13848: : WARN_CFLAGS="$WARN_CFLAGS"
configure:13851: $? = 0
configure:13804: checking whether C compiler accepts -Wformat-nonliteral
configure:13823: gcc -c -g -O2  -Wformat-nonliteral  conftest.c >&5
cc1: warning: '-Wformat-nonliteral' ignored without '-Wformat' [-Wformat-nonliteral]
configure:13823: $? = 0
configure:13832: result: yes
configure:13848: : WARN_CFLAGS="$WARN_CFLAGS"
configure:13851: $? = 0
configure:13804: checking whether C compiler accepts -Wformat-security
configure:13823: gcc -c -g -O2  -Wformat-security  conftest.c >&5
cc1: warning: '-Wformat-security' ignored without '-Wformat' [-Wformat-security]
configure:13823: $? = 0
configure:13832: result: yes
configure:13848: : WARN_CFLAGS="$WARN_CFLAGS"
configure:13851: $? = 0
configure:13804: checking whether C compiler accepts -Wsign-compare
configure:13823: gcc -c -g -O2  -Wsign-compare  conftest.c >&5
configure:13823: $? = 0
configure:13832: result: yes
configure:13848: : WARN_CFLAGS="$WARN_CFLAGS"
configure:13851: $? = 0
configure:13804: checking whether C compiler accepts -Wstrict-aliasing
configure:13823: gcc -c -g -O2  -Wstrict-aliasing  conftest.c >&5
configure:13823: $? = 0
configure:13832: result: yes
configure:13848: : WARN_CFLAGS="$WARN_CFLAGS"
configure:13851: $? = 0
configure:13804: checking whether C compiler accepts -Wshadow
configure:13823: gcc -c -g -O2  -Wshadow  conftest.c >&5
configure:13823: $? = 0
configure:13832: result: yes
configure:13848: : WARN_CFLAGS="$WARN_CFLAGS"
configure:13851: $? = 0
configure:13804: checking whether C compiler accepts -Winline
configure:13823: gcc -c -g -O2  -Winline  conftest.c >&5
configure:13823: $? = 0
configure:13832: result: yes
configure:13848: : WARN_CFLAGS="$WARN_CFLAGS"
configure:13851: $? = 0
configure:13804: checking whether C compiler accepts -Wpacked
configure:13823: gcc -c -g -O2  -Wpacked  conftest.c >&5
configure:13823: $? = 0
configure:13832: result: yes
configure:13848: : WARN_CFLAGS="$WARN_CFLAGS"
configure:13851: $? = 0
configure:13804: checking whether C compiler accepts -Wmissing-format-attribute
configure:13823: gcc -c -g -O2  -Wmissing-format-attribute  conftest.c >&5
configure:13823: $? = 0
configure:13832: result: yes
configure:13848: : WARN_CFLAGS="$WARN_CFLAGS"
configure:13851: $? = 0
configure:13804: checking whether C compiler accepts -Wmissing-noreturn
configure:13823: gcc -c -g -O2  -Wmissing-noreturn  conftest.c >&5
configure:13823: $? = 0
configure:13832: result: yes
configure:13848: : WARN_CFLAGS="$WARN_CFLAGS"
configure:13851: $? = 0
configure:13804: checking whether C compiler accepts -Winit-self
configure:13823: gcc -c -g -O2  -Winit-self  conftest.c >&5
configure:13823: $? = 0
configure:13832: result: yes
configure:13848: : WARN_CFLAGS="$WARN_CFLAGS"
configure:13851: $? = 0
configure:13804: checking whether C compiler accepts -Wredundant-decls
configure:13832: result: yes
configure:13840: : WARN_CFLAGS already contains $flag
configure:13843: $? = 0
configure:13804: checking whether C compiler accepts -Wmissing-include-dirs
configure:13823: gcc -c -g -O2  -Wmissing-include-dirs  conftest.c >&5
configure:13823: $? = 0
configure:13832: result: yes
configure:13848: : WARN_CFLAGS="$WARN_CFLAGS"
configure:13851: $? = 0
configure:13804: checking whether C compiler accepts -Wunused-but-set-variable
configure:13823: gcc -c -g -O2  -Wunused-but-set-variable  conftest.c >&5
configure:13823: $? = 0
configure:13832: result: yes
configure:13848: : WARN_CFLAGS="$WARN_CFLAGS"
configure:13851: $? = 0
configure:13804: checking whether C compiler accepts -Warray-bounds
configure:13823: gcc -c -g -O2  -Warray-bounds  conftest.c >&5
configure:13823: $? = 0
configure:13832: result: yes
configure:13848: : WARN_CFLAGS="$WARN_CFLAGS"
configure:13851: $? = 0
configure:13804: checking whether C compiler accepts -Wreturn-type
configure:13823: gcc -c -g -O2  -Wreturn-type  conftest.c >&5
configure:13823: $? = 0
configure:13832: result: yes
configure:13848: : WARN_CFLAGS="$WARN_CFLAGS"
configure:13851: $? = 0
configure:13804: checking whether C compiler accepts -Wswitch-enum
configure:13823: gcc -c -g -O2  -Wswitch-enum  conftest.c >&5
configure:13823: $? = 0
configure:13832: result: yes
configure:13848: : WARN_CFLAGS="$WARN_CFLAGS"
configure:13851: $? = 0
configure:13804: checking whether C compiler accepts -Wswitch-default
configure:13823: gcc -c -g -O2  -Wswitch-default  conftest.c >&5
configure:13823: $? = 0
configure:13832: result: yes
configure:13848: : WARN_CFLAGS="$WARN_CFLAGS"
configure:13851: $? = 0
configure:13804: checking whether C compiler accepts -Wduplicated-cond
configure:13823: gcc -c -g -O2  -Wduplicated-cond  conftest.c >&5
configure:13823: $? = 0
configure:13832: result: yes
configure:13848: : WARN_CFLAGS="$WARN_CFLAGS"
configure:13851: $? = 0
configure:13804: checking whether C compiler accepts -Wduplicated-branches
configure:13823: gcc -c -g -O2  -Wduplicated-branches  conftest.c >&5
configure:13823: $? = 0
configure:13832: result: yes
configure:13848: : WARN_CFLAGS="$WARN_CFLAGS"
configure:13851: $? = 0
configure:13804: checking whether C compiler accepts -Wlogical-op
configure:13823: gcc -c -g -O2  -Wlogical-op  conftest.c >&5
configure:13823: $? = 0
configure:13832: result: yes
configure:13848: : WARN_CFLAGS="$WARN_CFLAGS"
configure:13851: $? = 0
configure:13804: checking whether C compiler accepts -Wrestrict
configure:13823: gcc -c -g -O2  -Wrestrict  conftest.c >&5
configure:13823: $? = 0
configure:13832: result: yes
configure:13848: : WARN_CFLAGS="$WARN_CFLAGS"
configure:13851: $? = 0
configure:13804: checking whether C compiler accepts -Wnull-dereference
configure:13823: gcc -c -g -O2  -Wnull-dereference  conftest.c >&5
configure:13823: $? = 0
configure:13832: result: yes
configure:13848: : WARN_CFLAGS="$WARN_CFLAGS"
configure:13851: $? = 0
configure:13804: checking whether C compiler accepts -Wdouble-promotion
configure:13823: gcc -c -g -O2  -Wdouble-promotion  conftest.c >&5
configure:13823: $? = 0
configure:13832: result: yes
configure:13848: : WARN_CFLAGS="$WARN_CFLAGS"
configure:13851: $? = 0
configure:14009: checking whether C compiler accepts -Wno-error=declaration-after-statement
configure:14028: gcc -c -g -O2  -Wno-error=declaration-after-statement  conftest.c >&5
configure:14028: $? = 0
configure:14037: result: yes
configure:14053: : WARN_CFLAGS="$WARN_CFLAGS"
configure:14056: $? = 0
configure:14009: checking whether C compiler accepts -Wno-error=duplicated-branches
configure:14028: gcc -c -g -O2  -Wno-error=duplicated-branches  conftest.c >&5
configure:14028: $? = 0
configure:14037: result: yes
configure:14053: : WARN_CFLAGS="$WARN_CFLAGS"
configure:14056: $? = 0
configure:14009: checking whether C compiler accepts -Wno-error=inline
configure:14028: gcc -c -g -O2  -Wno-error=inline  conftest.c >&5
configure:14028: $? = 0
configure:14037: result: yes
configure:14053: : WARN_CFLAGS="$WARN_CFLAGS"
configure:14056: $? = 0
configure:14009: checking whether C compiler accepts -Wno-error=redundant-decls
configure:14028: gcc -c -g -O2  -Wno-error=redundant-decls  conftest.c >&5
configure:14028: $? = 0
configure:14037: result: yes
configure:14053: : WARN_CFLAGS="$WARN_CFLAGS"
configure:14056: $? = 0
configure:14009: checking whether C compiler accepts -Wno-error=switch-default
configure:14028: gcc -c -g -O2  -Wno-error=switch-default  conftest.c >&5
configure:14028: $? = 0
configure:14037: result: yes
configure:14053: : WARN_CFLAGS="$WARN_CFLAGS"
configure:14056: $? = 0
configure:14009: checking whether C compiler accepts -Wno-error=write-strings
configure:14028: gcc -c -g -O2  -Wno-error=write-strings  conftest.c >&5
configure:14028: $? = 0
configure:14037: result: yes
configure:14053: : WARN_CFLAGS="$WARN_CFLAGS"
configure:14056: $? = 0
configure:14009: checking whether C compiler accepts -Wno-error=unused-parameter
configure:14028: gcc -c -g -O2  -Wno-error=unused-parameter  conftest.c >&5
configure:14028: $? = 0
configure:14037: result: yes
configure:14053: : WARN_CFLAGS="$WARN_CFLAGS"
configure:14056: $? = 0
configure:14009: checking whether C compiler accepts -Wno-error=missing-field-initializers
configure:14028: gcc -c -g -O2  -Wno-error=missing-field-initializers  conftest.c >&5
configure:14028: $? = 0
configure:14037: result: yes
configure:14053: : WARN_CFLAGS="$WARN_CFLAGS"
configure:14056: $? = 0
configure:14113: checking whether C compiler accepts -Werror=unknown-warning-option
configure:14140: result: no
configure:14153: checking whether the linker accepts -Wl,--as-needed
configure:14172: gcc -o conftest -g -O2    -Wl,--as-needed conftest.c  >&5
configure:14172: $? = 0
configure:14181: result: yes
configure:14191: checking whether the linker accepts -Wl,--as-needed
configure:14210: gcc -o conftest -g -O2    -Wl,--as-needed conftest.c  >&5
configure:14210: $? = 0
configure:14220: result: yes
configure:14247: : AM_LDFLAGS="$AM_LDFLAGS"
configure:14250: $? = 0
configure:14266: checking whether the linker accepts -Wl,-z,relro
configure:14285: gcc -o conftest -g -O2    -Wl,-z,relro conftest.c  >&5
configure:14285: $? = 0
configure:14294: result: yes
configure:14304: checking whether the linker accepts -Wl,-z,relro
configure:14323: gcc -o conftest -g -O2    -Wl,-z,relro conftest.c  >&5
configure:14323: $? = 0
configure:14333: result: yes
configure:14349: : AM_LDFLAGS="$AM_LDFLAGS"
configure:14352: $? = 0
configure:14379: checking whether the linker accepts -Wl,-z,now
configure:14398: gcc -o conftest -g -O2    -Wl,-z,now conftest.c  >&5
configure:14398: $? = 0
configure:14407: result: yes
configure:14417: checking whether the linker accepts -Wl,-z,now
configure:14436: gcc -o conftest -g -O2    -Wl,-z,now conftest.c  >&5
configure:14436: $? = 0
configure:14446: result: yes
configure:14462: : AM_LDFLAGS="$AM_LDFLAGS"
configure:14465: $? = 0
configure:14492: checking whether the linker accepts -Wl,-z,noexecstack
configure:14511: gcc -o conftest -g -O2    -Wl,-z,noexecstack conftest.c  >&5
configure:14511: $? = 0
configure:14520: result: yes
configure:14530: checking whether the linker accepts -Wl,-z,noexecstack
configure:14549: gcc -o conftest -g -O2    -Wl,-z,noexecstack conftest.c  >&5
configure:14549: $? = 0
configure:14559: result: yes
configure:14575: : AM_LDFLAGS="$AM_LDFLAGS"
configure:14578: $? = 0
configure:14608: checking whether the linker accepts -Wl,--no-as-needed
configure:14627: gcc -o conftest -g -O2    -Wl,--no-as-needed conftest.c  >&5
configure:14627: $? = 0
configure:14636: result: yes
configure:14651: checking whether the linker accepts -Wl,--fatal-warnings
configure:14670: gcc -o conftest -g -O2    -Wl,--fatal-warnings conftest.c  >&5
configure:14670: $? = 0
configure:14679: result: yes
configure:14689: checking whether the linker accepts -Wl,-fatal_warnings
configure:14708: gcc -o conftest -g -O2    -Wl,-fatal_warnings conftest.c  >&5
/usr/bin/ld: -f may not be used without -shared
collect2: error: ld returned 1 exit status
configure:14708: $? = 1
configure: failed program was:
| /* confdefs.h */
| #define PACKAGE_NAME "dbus-python"
| #define PACKAGE_TARNAME "dbus-python"
| #define PACKAGE_VERSION "1.2.18"
| #define PACKAGE_STRING "dbus-python 1.2.18"
| #define PACKAGE_BUGREPORT "http://bugs.freedesktop.org/enter_bug.cgi?product=dbus&component=python"
| #define PACKAGE_URL ""
| #define DBUS_PYTHON_MAJOR_VERSION 1
| #define DBUS_PYTHON_MINOR_VERSION 2
| #define DBUS_PYTHON_MICRO_VERSION 18
| #define STDC_HEADERS 1
| #define HAVE_SYS_TYPES_H 1
| #define HAVE_SYS_STAT_H 1
| #define HAVE_STDLIB_H 1
| #define HAVE_STRING_H 1
| #define HAVE_MEMORY_H 1
| #define HAVE_STRINGS_H 1
| #define HAVE_INTTYPES_H 1
| #define HAVE_STDINT_H 1
| #define HAVE_UNISTD_H 1
| #define __EXTENSIONS__ 1
| #define _ALL_SOURCE 1
| #define _GNU_SOURCE 1
| #define _POSIX_PTHREAD_SEMANTICS 1
| #define _TANDEM_SOURCE 1
| #define PACKAGE "dbus-python"
| #define VERSION "1.2.18"
| #define HAVE_DLFCN_H 1
| #define LT_OBJDIR ".libs/"
| #define HAVE_PYTHON "3.9"
| /* end confdefs.h.  */
| 
| int
| main ()
| {
| 
|   ;
|   return 0;
| }
configure:14717: result: no
configure:14735: checking whether the linker accepts -Wl,--no-as-needed
configure:14754: gcc -o conftest -g -O2    -Wl,--no-as-needed conftest.c  >&5
configure:14754: $? = 0
configure:14764: result: yes
configure:14791: : WARN_LDFLAGS="$WARN_LDFLAGS"
configure:14794: $? = 0
configure:15008: : WARN_SCANNERFLAGS="$WARN_SCANNERFLAGS"
configure:15011: $? = 0
configure:15033: : WARN_SCANNERFLAGS="$WARN_SCANNERFLAGS"
configure:15036: $? = 0
configure:15223: checking that generated files are newer than configure
configure:15229: result: done
configure:15268: creating ./config.status

## ---------------------- ##
## Running config.status. ##
## ---------------------- ##

This file was extended by dbus-python config.status 1.2.18, which was
generated by GNU Autoconf 2.69.  Invocation command line was

  CONFIG_FILES    = 
  CONFIG_HEADERS  = 
  CONFIG_LINKS    = 
  CONFIG_COMMANDS = 
  $ ./config.status 

on kali

config.status:1142: creating Makefile
config.status:1142: creating dbus-gmain/Makefile
config.status:1142: creating dbus-python.pc
config.status:1142: creating config.h
config.status:1371: executing depfiles commands
config.status:1448: cd .       && sed -e '/# am--include-marker/d' Makefile         | make -f - am--depfiles
config.status:1453: $? = 0
config.status:1448: cd dbus-gmain       && sed -e '/# am--include-marker/d' Makefile         | make -f - am--depfiles
config.status:1453: $? = 0
config.status:1371: executing libtool commands

## ---------------- ##
## Cache variables. ##
## ---------------- ##

ac_cv_build=x86_64-pc-linux-gnu
ac_cv_c_compiler_gnu=yes
ac_cv_c_inline=inline
ac_cv_env_CC_set=
ac_cv_env_CC_value=
ac_cv_env_CFLAGS_set=
ac_cv_env_CFLAGS_value=
ac_cv_env_CPPFLAGS_set=
ac_cv_env_CPPFLAGS_value=
ac_cv_env_CPP_set=
ac_cv_env_CPP_value=
ac_cv_env_DBUS_CFLAGS_set=
ac_cv_env_DBUS_CFLAGS_value=
ac_cv_env_DBUS_LIBS_set=
ac_cv_env_DBUS_LIBS_value=
ac_cv_env_DBUS_RUN_SESSION_set=
ac_cv_env_DBUS_RUN_SESSION_value=
ac_cv_env_GLIB_CFLAGS_set=
ac_cv_env_GLIB_CFLAGS_value=
ac_cv_env_GLIB_LIBS_set=
ac_cv_env_GLIB_LIBS_value=
ac_cv_env_LDFLAGS_set=
ac_cv_env_LDFLAGS_value=
ac_cv_env_LIBS_set=
ac_cv_env_LIBS_value=
ac_cv_env_LT_SYS_LIBRARY_PATH_set=
ac_cv_env_LT_SYS_LIBRARY_PATH_value=
ac_cv_env_PKG_CONFIG_LIBDIR_set=
ac_cv_env_PKG_CONFIG_LIBDIR_value=
ac_cv_env_PKG_CONFIG_PATH_set=
ac_cv_env_PKG_CONFIG_PATH_value=
ac_cv_env_PKG_CONFIG_set=
ac_cv_env_PKG_CONFIG_value=
ac_cv_env_PYTHON_CPPFLAGS_set=
ac_cv_env_PYTHON_CPPFLAGS_value=
ac_cv_env_PYTHON_EXTRA_LDFLAGS_set=
ac_cv_env_PYTHON_EXTRA_LDFLAGS_value=
ac_cv_env_PYTHON_EXTRA_LIBS_set=
ac_cv_env_PYTHON_EXTRA_LIBS_value=
ac_cv_env_PYTHON_INCLUDES_set=
ac_cv_env_PYTHON_INCLUDES_value=
ac_cv_env_PYTHON_LIBS_set=
ac_cv_env_PYTHON_LIBS_value=
ac_cv_env_PYTHON_VERSION_set=
ac_cv_env_PYTHON_VERSION_value=
ac_cv_env_PYTHON_set=
ac_cv_env_PYTHON_value=
ac_cv_env_build_alias_set=
ac_cv_env_build_alias_value=
ac_cv_env_host_alias_set=
ac_cv_env_host_alias_value=
ac_cv_env_target_alias_set=
ac_cv_env_target_alias_value=
ac_cv_header_dlfcn_h=yes
ac_cv_header_inttypes_h=yes
ac_cv_header_memory_h=yes
ac_cv_header_minix_config_h=no
ac_cv_header_stdc=yes
ac_cv_header_stdint_h=yes
ac_cv_header_stdlib_h=yes
ac_cv_header_string_h=yes
ac_cv_header_strings_h=yes
ac_cv_header_sys_stat_h=yes
ac_cv_header_sys_types_h=yes
ac_cv_header_unistd_h=yes
ac_cv_host=x86_64-pc-linux-gnu
ac_cv_objext=o
ac_cv_path_DBUS_RUN_SESSION=/usr/bin/dbus-run-session
ac_cv_path_EGREP='/usr/bin/grep -E'
ac_cv_path_FGREP='/usr/bin/grep -F'
ac_cv_path_GREP=/usr/bin/grep
ac_cv_path_PYTHON=/usr/bin/python3
ac_cv_path_SED=/usr/bin/sed
ac_cv_path_ac_pt_PKG_CONFIG=/usr/bin/pkg-config
ac_cv_path_install='/usr/bin/install -c'
ac_cv_path_lt_DD=/usr/bin/dd
ac_cv_path_mkdir=/usr/bin/mkdir
ac_cv_prog_AWK=gawk
ac_cv_prog_CPP='gcc -E'
ac_cv_prog_ac_ct_AR=ar
ac_cv_prog_ac_ct_CC=gcc
ac_cv_prog_ac_ct_MANIFEST_TOOL=mt
ac_cv_prog_ac_ct_OBJDUMP=objdump
ac_cv_prog_ac_ct_RANLIB=ranlib
ac_cv_prog_ac_ct_STRIP=strip
ac_cv_prog_cc_c89=
ac_cv_prog_cc_g=yes
ac_cv_prog_make_make_set=yes
ac_cv_safe_to_define___extensions__=yes
am_cv_CC_dependencies_compiler_type=gcc3
am_cv_make_support_nested_variables=yes
am_cv_prog_cc_c_o=yes
am_cv_prog_tar_ustar=gnutar
am_cv_python_platform=linux
am_cv_python_pyexecdir='${exec_prefix}/lib/python3.9/site-packages'
am_cv_python_pythondir='${prefix}/lib/python3.9/site-packages'
am_cv_python_version=3.9
ax_cv_check_cflags__Wall=yes
ax_cv_check_cflags__Warray_bounds=yes
ax_cv_check_cflags__Wcast_align=yes
ax_cv_check_cflags__Wdeclaration_after_statement=yes
ax_cv_check_cflags__Wdeprecated_declarations=yes
ax_cv_check_cflags__Wdouble_promotion=yes
ax_cv_check_cflags__Wduplicated_branches=yes
ax_cv_check_cflags__Wduplicated_cond=yes
ax_cv_check_cflags__Wextra=yes
ax_cv_check_cflags__Wformat_2=yes
ax_cv_check_cflags__Wformat_nonliteral=yes
ax_cv_check_cflags__Wformat_security=yes
ax_cv_check_cflags__Wimplicit_function_declaration=yes
ax_cv_check_cflags__Winit_self=yes
ax_cv_check_cflags__Winline=yes
ax_cv_check_cflags__Wjump_misses_init=yes
ax_cv_check_cflags__Wlogical_op=yes
ax_cv_check_cflags__Wmissing_declarations=yes
ax_cv_check_cflags__Wmissing_format_attribute=yes
ax_cv_check_cflags__Wmissing_include_dirs=yes
ax_cv_check_cflags__Wmissing_noreturn=yes
ax_cv_check_cflags__Wmissing_prototypes=yes
ax_cv_check_cflags__Wnested_externs=yes
ax_cv_check_cflags__Wno_declaration_after_statement=yes
ax_cv_check_cflags__Wno_duplicated_branches=yes
ax_cv_check_cflags__Wno_error_declaration_after_statement=yes
ax_cv_check_cflags__Wno_error_duplicated_branches=yes
ax_cv_check_cflags__Wno_error_inline=yes
ax_cv_check_cflags__Wno_error_missing_field_initializers=yes
ax_cv_check_cflags__Wno_error_redundant_decls=yes
ax_cv_check_cflags__Wno_error_switch_default=yes
ax_cv_check_cflags__Wno_error_unused_parameter=yes
ax_cv_check_cflags__Wno_error_write_strings=yes
ax_cv_check_cflags__Wno_inline=yes
ax_cv_check_cflags__Wno_missing_field_initializers=yes
ax_cv_check_cflags__Wno_redundant_decls=yes
ax_cv_check_cflags__Wno_switch_default=yes
ax_cv_check_cflags__Wno_unused_parameter=yes
ax_cv_check_cflags__Wno_write_strings=yes
ax_cv_check_cflags__Wnull_dereference=yes
ax_cv_check_cflags__Wold_style_definition=yes
ax_cv_check_cflags__Wpacked=yes
ax_cv_check_cflags__Wpointer_arith=yes
ax_cv_check_cflags__Wredundant_decls=yes
ax_cv_check_cflags__Wrestrict=yes
ax_cv_check_cflags__Wreturn_type=yes
ax_cv_check_cflags__Wshadow=yes
ax_cv_check_cflags__Wsign_compare=yes
ax_cv_check_cflags__Wstrict_aliasing=yes
ax_cv_check_cflags__Wstrict_prototypes=yes
ax_cv_check_cflags__Wswitch_default=yes
ax_cv_check_cflags__Wswitch_enum=yes
ax_cv_check_cflags__Wundef=yes
ax_cv_check_cflags__Wunused_but_set_variable=yes
ax_cv_check_cflags__Wwrite_strings=yes
ax_cv_check_cflags___Werror_unknown_warning_option=no
ax_cv_check_cflags___Wno_suggest_attribute_format=yes
ax_cv_check_cflags__fno_strict_aliasing=yes
ax_cv_check_ldflags__Wl___as_needed=yes
ax_cv_check_ldflags__Wl___no_as_needed=yes
ax_cv_check_ldflags__Wl__z_noexecstack=yes
ax_cv_check_ldflags__Wl__z_now=yes
ax_cv_check_ldflags__Wl__z_relro=yes
ax_cv_check_ldflags___Wl___as_needed=yes
ax_cv_check_ldflags___Wl___fatal_warnings=yes
ax_cv_check_ldflags___Wl___no_as_needed=yes
ax_cv_check_ldflags___Wl__fatal_warnings=no
ax_cv_check_ldflags___Wl__z_noexecstack=yes
ax_cv_check_ldflags___Wl__z_now=yes
ax_cv_check_ldflags___Wl__z_relro=yes
lt_cv_ar_at_file=@
lt_cv_archive_cmds_need_lc=no
lt_cv_deplibs_check_method=pass_all
lt_cv_file_magic_cmd='$MAGIC_CMD'
lt_cv_file_magic_test_file=
lt_cv_ld_reload_flag=-r
lt_cv_nm_interface='BSD nm'
lt_cv_objdir=.libs
lt_cv_path_LD=/usr/bin/ld
lt_cv_path_NM='/usr/bin/nm -B'
lt_cv_path_mainfest_tool=no
lt_cv_prog_compiler_c_o=yes
lt_cv_prog_compiler_pic='-fPIC -DPIC'
lt_cv_prog_compiler_pic_works=yes
lt_cv_prog_compiler_rtti_exceptions=no
lt_cv_prog_compiler_static_works=yes
lt_cv_prog_gnu_ld=yes
lt_cv_sharedlib_from_linklib_cmd='printf %s\n'
lt_cv_shlibpath_overrides_runpath=yes
lt_cv_sys_global_symbol_pipe='sed -n -e '\''s/^.*[	 ]\([ABCDGIRSTW][ABCDGIRSTW]*\)[	 ][	 ]*\([_A-Za-z][_A-Za-z0-9]*\)$/\1 \2 \2/p'\'' | sed '\''/ __gnu_lto/d'\'''
lt_cv_sys_global_symbol_to_c_name_address='sed -n -e '\''s/^: \(.*\) .*$/  {"\1", (void *) 0},/p'\'' -e '\''s/^[ABCDGIRSTW][ABCDGIRSTW]* .* \(.*\)$/  {"\1", (void *) \&\1},/p'\'''
lt_cv_sys_global_symbol_to_c_name_address_lib_prefix='sed -n -e '\''s/^: \(.*\) .*$/  {"\1", (void *) 0},/p'\'' -e '\''s/^[ABCDGIRSTW][ABCDGIRSTW]* .* \(lib.*\)$/  {"\1", (void *) \&\1},/p'\'' -e '\''s/^[ABCDGIRSTW][ABCDGIRSTW]* .* \(.*\)$/  {"lib\1", (void *) \&\1},/p'\'''
lt_cv_sys_global_symbol_to_cdecl='sed -n -e '\''s/^T .* \(.*\)$/extern int \1();/p'\'' -e '\''s/^[ABCDGIRSTW][ABCDGIRSTW]* .* \(.*\)$/extern char \1;/p'\'''
lt_cv_sys_global_symbol_to_import=
lt_cv_sys_max_cmd_len=1572864
lt_cv_to_host_file_cmd=func_convert_file_noop
lt_cv_to_tool_file_cmd=func_convert_file_noop
lt_cv_truncate_bin='/usr/bin/dd bs=4096 count=1'
pkg_cv_DBUS_CFLAGS='-I/usr/include/dbus-1.0 -I/usr/lib/x86_64-linux-gnu/dbus-1.0/include'
pkg_cv_DBUS_LIBS=-ldbus-1
pkg_cv_GLIB_CFLAGS='-I/usr/include/glib-2.0 -I/usr/lib/x86_64-linux-gnu/glib-2.0/include'
pkg_cv_GLIB_LIBS=-lglib-2.0

## ----------------- ##
## Output variables. ##
## ----------------- ##

ACLOCAL='${SHELL} '\''/tmp/dbus-python-1.2.18/build-aux/missing'\'' aclocal-1.16'
AMDEPBACKSLASH='\'
AMDEP_FALSE='#'
AMDEP_TRUE=''
AMTAR='$${TAR-tar}'
AM_BACKSLASH='\'
AM_DEFAULT_V='$(AM_DEFAULT_VERBOSITY)'
AM_DEFAULT_VERBOSITY='1'
AM_V='$(V)'
AR='ar'
AUTOCONF='${SHELL} '\''/tmp/dbus-python-1.2.18/build-aux/missing'\'' autoconf'
AUTOHEADER='${SHELL} '\''/tmp/dbus-python-1.2.18/build-aux/missing'\'' autoheader'
AUTOMAKE='${SHELL} '\''/tmp/dbus-python-1.2.18/build-aux/missing'\'' automake-1.16'
AWK='gawk'
CC='gcc'
CCDEPMODE='depmode=gcc3'
CFLAGS='-g -O2'
CPP='gcc -E'
CPPFLAGS=''
CYGPATH_W='echo'
DBUS_CFLAGS='-I/usr/include/dbus-1.0 -I/usr/lib/x86_64-linux-gnu/dbus-1.0/include'
DBUS_LIBS='-ldbus-1'
DBUS_PYTHON_MAJOR_VERSION='1'
DBUS_PYTHON_MICRO_VERSION='18'
DBUS_PYTHON_MINOR_VERSION='2'
DBUS_RUN_SESSION='/usr/bin/dbus-run-session'
DEFS='-DHAVE_CONFIG_H'
DEPDIR='.deps'
DLLTOOL='false'
DSYMUTIL=''
DUMPBIN=''
ECHO_C=''
ECHO_N='-n'
ECHO_T=''
EGREP='/usr/bin/grep -E'
ENABLE_DOCUMENTATION_FALSE='#'
ENABLE_DOCUMENTATION_TRUE=''
ENABLE_INSTALLED_TESTS_FALSE=''
ENABLE_INSTALLED_TESTS_TRUE='#'
EXEEXT=''
FGREP='/usr/bin/grep -F'
GLIB_CFLAGS='-I/usr/include/glib-2.0 -I/usr/lib/x86_64-linux-gnu/glib-2.0/include'
GLIB_LIBS='-lglib-2.0'
GREP='/usr/bin/grep'
HAVE_PYTHON_3_FALSE='#'
HAVE_PYTHON_3_TRUE=''
INSTALL_DATA='${INSTALL} -m 644'
INSTALL_PROGRAM='${INSTALL}'
INSTALL_SCRIPT='${INSTALL}'
INSTALL_STRIP_PROGRAM='$(install_sh) -c -s'
LD='/usr/bin/ld -m elf_x86_64'
LDFLAGS=''
LIBOBJS=''
LIBS=''
LIBTOOL='$(SHELL) $(top_builddir)/libtool'
LIPO=''
LN_S='ln -s'
LTLIBOBJS=''
LT_SYS_LIBRARY_PATH=''
MAINT=''
MAINTAINER_MODE_FALSE='#'
MAINTAINER_MODE_TRUE=''
MAKEINFO='${SHELL} '\''/tmp/dbus-python-1.2.18/build-aux/missing'\'' makeinfo'
MANIFEST_TOOL=':'
MKDIR_P='/usr/bin/mkdir -p'
NM='/usr/bin/nm -B'
NMEDIT=''
OBJDUMP='objdump'
OBJEXT='o'
OTOOL64=''
OTOOL=''
PACKAGE='dbus-python'
PACKAGE_BUGREPORT='http://bugs.freedesktop.org/enter_bug.cgi?product=dbus&component=python'
PACKAGE_NAME='dbus-python'
PACKAGE_STRING='dbus-python 1.2.18'
PACKAGE_TARNAME='dbus-python'
PACKAGE_URL=''
PACKAGE_VERSION='1.2.18'
PATH_SEPARATOR=':'
PKG_CONFIG='/usr/bin/pkg-config'
PKG_CONFIG_LIBDIR=''
PKG_CONFIG_PATH=''
PLATFORM='linux-x86_64'
PYTHON='/usr/bin/python3'
PYTHON_CPPFLAGS='-I/usr/include/python3.9'
PYTHON_EXEC_PREFIX='${exec_prefix}'
PYTHON_EXTRA_LDFLAGS='-Xlinker -export-dynamic -Wl,-O1 -Wl,-Bsymbolic-functions'
PYTHON_EXTRA_LIBS='-lcrypt -lpthread -ldl  -lutil -lm -lm'
PYTHON_INCLUDES=''
PYTHON_LIBS='-L/usr/lib/x86_64-linux-gnu -lpython3.9'
PYTHON_PLATFORM='linux'
PYTHON_PREFIX='${prefix}'
PYTHON_SITE_PKG='/usr/lib/python3/dist-packages'
PYTHON_VERSION='3.9'
RANLIB='ranlib'
SED='/usr/bin/sed'
SET_MAKE=''
SHELL='/bin/bash'
STRIP='strip'
VERSION='1.2.18'
WARN_CFLAGS='-fno-strict-aliasing -Wdeprecated-declarations -Wno-declaration-after-statement -Wno-duplicated-branches -Wno-inline -Wno-redundant-decls -Wno-switch-default -Wno-write-strings -Wnested-externs -Wmissing-prototypes -Wstrict-prototypes  -Wimplicit-function-declaration -Wold-style-definition -Wjump-misses-init -Wall -Wextra -Wundef  -Wpointer-arith -Wmissing-declarations  -Wno-unused-parameter -Wno-missing-field-initializers -Wformat=2 -Wcast-align -Wformat-nonliteral -Wformat-security -Wsign-compare -Wstrict-aliasing -Wshadow  -Wpacked -Wmissing-format-attribute -Wmissing-noreturn -Winit-self -Wmissing-include-dirs -Wunused-but-set-variable -Warray-bounds -Wreturn-type -Wswitch-enum  -Wduplicated-cond  -Wlogical-op -Wrestrict -Wnull-dereference -Wdouble-promotion -Wno-error=declaration-after-statement -Wno-error=duplicated-branches -Wno-error=inline -Wno-error=redundant-decls -Wno-error=switch-default -Wno-error=write-strings -Wno-error=unused-parameter -Wno-error=missing-field-initializers'
WARN_LDFLAGS='-Wl,--no-as-needed'
WARN_SCANNERFLAGS='              --warn-all                                                             '
WINDOWS_FALSE=''
WINDOWS_TRUE='#'
ac_ct_AR='ar'
ac_ct_CC='gcc'
ac_ct_DUMPBIN=''
am__EXEEXT_FALSE=''
am__EXEEXT_TRUE='#'
am__fastdepCC_FALSE='#'
am__fastdepCC_TRUE=''
am__include='include'
am__isrc=''
am__leading_dot='.'
am__nodep='_no'
am__quote=''
am__tar='tar --format=ustar -chf - "$$tardir"'
am__untar='tar -xf -'
bindir='${exec_prefix}/bin'
build='x86_64-pc-linux-gnu'
build_alias=''
build_cpu='x86_64'
build_os='linux-gnu'
build_vendor='pc'
datadir='${datarootdir}'
datarootdir='${prefix}/share'
docdir='${datarootdir}/doc/${PACKAGE_TARNAME}'
dvidir='${docdir}'
exec_prefix='${prefix}'
host='x86_64-pc-linux-gnu'
host_alias=''
host_cpu='x86_64'
host_os='linux-gnu'
host_vendor='pc'
htmldir='${docdir}'
includedir='${prefix}/include'
infodir='${datarootdir}/info'
install_sh='${SHELL} /tmp/dbus-python-1.2.18/build-aux/install-sh'
libdir='${exec_prefix}/lib'
libexecdir='${exec_prefix}/libexec'
localedir='${datarootdir}/locale'
localstatedir='${prefix}/var'
mandir='${datarootdir}/man'
mkdir_p='$(MKDIR_P)'
oldincludedir='/usr/include'
pdfdir='${docdir}'
pkgpyexecdir='${pyexecdir}/dbus-python'
pkgpythondir='${pythondir}/dbus-python'
prefix='/usr/local'
program_transform_name='s,x,x,'
psdir='${docdir}'
pyexecdir='${exec_prefix}/lib/python3.9/site-packages'
pythondir='${prefix}/lib/python3.9/site-packages'
runstatedir='${localstatedir}/run'
sbindir='${exec_prefix}/sbin'
sharedstatedir='${prefix}/com'
sysconfdir='${prefix}/etc'
target_alias=''

## ----------- ##
## confdefs.h. ##
## ----------- ##

/* confdefs.h */
#define PACKAGE_NAME "dbus-python"
#define PACKAGE_TARNAME "dbus-python"
#define PACKAGE_VERSION "1.2.18"
#define PACKAGE_STRING "dbus-python 1.2.18"
#define PACKAGE_BUGREPORT "http://bugs.freedesktop.org/enter_bug.cgi?product=dbus&component=python"
#define PACKAGE_URL ""
#define DBUS_PYTHON_MAJOR_VERSION 1
#define DBUS_PYTHON_MINOR_VERSION 2
#define DBUS_PYTHON_MICRO_VERSION 18
#define STDC_HEADERS 1
#define HAVE_SYS_TYPES_H 1
#define HAVE_SYS_STAT_H 1
#define HAVE_STDLIB_H 1
#define HAVE_STRING_H 1
#define HAVE_MEMORY_H 1
#define HAVE_STRINGS_H 1
#define HAVE_INTTYPES_H 1
#define HAVE_STDINT_H 1
#define HAVE_UNISTD_H 1
#define __EXTENSIONS__ 1
#define _ALL_SOURCE 1
#define _GNU_SOURCE 1
#define _POSIX_PTHREAD_SEMANTICS 1
#define _TANDEM_SOURCE 1
#define PACKAGE "dbus-python"
#define VERSION "1.2.18"
#define HAVE_DLFCN_H 1
#define LT_OBJDIR ".libs/"
#define HAVE_PYTHON "3.9"

configure: exit 0
